[LOG] System::create                           : Header version = 2.01.07. Current version = 2.01.07.
[LOG] Manager::init                            : maxchannels = 256 studioflags = 00000006 flags 00000000 extradriverdata 0000000000000000.
[LOG] SystemI::init                            : Initialize version=20107 (113487), maxchannels=256, flags=0x00020000
[LOG] SystemI::setOutputInternal               : Setting output to 'FMOD WASAPI Output'
[LOG] OutputWASAPI::init                       : Mix Format (WAVEFORMATEX): wFormatTag=0xFFFE, nChannels=2, nSamplesPerSec=48000, nAvgBytesPerSec=384000, nBlockAlign=8, wBitsPerSample=32, cbSize=22.
[LOG] OutputWASAPI::init                       : Mix Format (WAVEFORMATEXTENSIBLE): wValidBitsPerSample=32, dwChannelMask=0x00000003, SubFormat=00000003-0000-0010-8000-00AA00389B71.
[LOG] OutputWASAPI::init                       : Output buffer size: 4096 samples, latency: 0.00ms, period: 10.00ms, DSP buffer: 1024 * 4
[LOG] Thread::initThread                       : Init FMOD stream thread. Affinity: 0x8000000000000003, Priority: 0xFFFF7FFB, Stack Size: 98304, Semaphore: No, Sleep Time: 10, Looping: Yes.
[LOG] Thread::initThread                       : Init FMOD mixer thread. Affinity: 0x8000000000000001, Priority: 0xFFFF7FFA, Stack Size: 81920, Semaphore: No, Sleep Time: 0, Looping: Yes.
[LOG] AsyncManager::init                       : manager 000002403416A628 isAsync 0 updatePeriod 0.02
[LOG] AsyncManager::init                       : done
[LOG] PlaybackSystem::init                     : 
[LOG] Thread::initThread                       : Init FMOD Studio sample load thread. Affinity: 0x8000000000000003, Priority: 0xFFFF7FFD, Stack Size: 98304, Semaphore: No, Sleep Time: 1, Looping: No.
[LOG] PlaybackSystem::init                     : done
[LOG] Thread::initThread                       : Init FMOD Studio bank load thread. Affinity: 0x8000000000000003, Priority: 0xFFFF7FFD, Stack Size: 98304, Semaphore: No, Sleep Time: 1, Looping: No.
[LOG] Manager::init                            : done.
[LOG] Manager::readBank                        : fileversion = 135, compatVersion = 132 (oldest = 44, newest = 135)
[LOG] PlaybackSystem::acquireMasterBus         : Setting master channel group format to 6
[LOG] SystemI::createSound                     : filename = Assets/Audio/AudioMazeFSPRO/Build/Desktop/Master.bank : mode 02010082
[LOG] SystemI::createSound                     : FMOD_NONBLOCKING specified.  Putting into queue to be opened asynchronously!
[LOG] Thread::initThread                       : Init FMOD nonblocking thread (0). Affinity: 0x8000000000000003, Priority: 0xFFFF7FFC, Stack Size: 114688, Semaphore: Yes, Sleep Time: 0, Looping: Yes.
[LOG] SystemI::createSound                     : setdata soundi = 0000024031C8A0C8 : node = 0000023FD22A6C30
[LOG] SystemI::createSound                     : add node to async list : head = 0000024033C8C188.  list count = 0
[LOG] SystemI::createSound                     : filename = Assets/Audio/AudioMazeFSPRO/Build/Desktop/Master.bank : mode 02010082
[LOG] AsyncThread::threadFunc                  : Starting Asynchronous operation on sound 0000024031C8A0C8
[LOG] SystemI::createSound                     : FMOD_NONBLOCKING specified.  Putting into queue to be opened asynchronously!
[LOG] SystemI::createSoundInternal             :     Create name='Assets/Audio/AudioMazeFSPRO/Build/Desktop/Master.bank', mode=0x02010082
[LOG] SystemI::createSound                     :     setdata soundi = 0000024031C88778 : node = 0000023FD22A7630
[LOG] SystemI::createSoundInternal             :     exinfo->cbsize             = 224
[LOG] SystemI::createSound                     :     add node to async list : head = 0000024033C8C188.  list count = 0
[LOG] SystemI::createSoundInternal             :     exinfo->length             = 1948032
[LOG] SystemI::createSoundInternal             :     exinfo->fileoffset         = 24320
[LOG] SystemI::createSound                     :     filename = Assets/Audio/AudioMazeFSPRO/Build/Desktop/Master.bank : mode 02010082
[LOG] SystemI::createSound                     :     FMOD_NONBLOCKING specified.  Putting into queue to be opened asynchronously!
[LOG] SystemI::createSoundInternal             :     exinfo->numsubsounds       = 1
[LOG] SystemI::createSound                     :     setdata soundi = 0000024031C8C5E8 : node = 0000023FD22A78B0
[LOG] SystemI::createSoundInternal             :     exinfo->inclusionlist      = 0000023FD22A6D40
[LOG] SystemI::createSound                     :     add node to async list : head = 0000024033C8C188.  list count = 1
[LOG] SystemI::createSoundInternal             :     exinfo->inclusionlistnum   = 1
[LOG] SystemI::createSoundInternal             :     exinfo->suggestedsoundtype = 5
[LOG] SystemI::createSound                     :     filename = Assets/Audio/AudioMazeFSPRO/Build/Desktop/Master.bank : mode 02010082
[LOG] SystemI::createSoundInternal             :     exinfo->initialseekpostype = 1
[LOG] SystemI::createSound                     :     FMOD_NONBLOCKING specified.  Putting into queue to be opened asynchronously!
[LOG] SystemI::createSound                     :     setdata soundi = 0000024031C8CCA8 : node = 0000023FD22A79F0
[LOG] SystemI::createSound                     :     add node to async list : head = 0000024033C8C188.  list count = 2
[LOG] SystemI::createSound                     :     filename = Assets/Audio/AudioMazeFSPRO/Build/Desktop/Master.bank : mode 02010082
[LOG] SystemI::createSound                     :     FMOD_NONBLOCKING specified.  Putting into queue to be opened asynchronously!
[LOG] SystemI::createSound                     :     setdata soundi = 0000024031C88928 : node = 0000023FD22A7B30
[LOG] SystemI::createSound                     :     add node to async list : head = 0000024033C8C188.  list count = 3
[LOG] SystemI::createSound                     :     filename = Assets/Audio/AudioMazeFSPRO/Build/Desktop/Master.bank : mode 02010082
[LOG] SystemI::createSound                     :     FMOD_NONBLOCKING specified.  Putting into queue to be opened asynchronously!
[LOG] SystemI::createSound                     :     setdata soundi = 0000024031C8EB08 : node = 0000023FD22A7C70
[LOG] SystemI::createSound                     :     add node to async list : head = 0000024033C8C188.  list count = 4
[LOG] SystemI::createSoundInternal             :     Stream 0/1: name='Humms', format=5, channels=2, frequency=48000, lengthbytes=303232, lengthpcm=1212631, pcmblocksize=0, loopstart=0, loopend=0, mode=0x00000000, channelmask=0x00000000, channelorder=0, peakvolume=0.260859.
[LOG] Thread::initThread                       :     Init FMOD file thread. Affinity: 0x8000000000000003, Priority: 0xFFFF7FFC, Stack Size: 49152, Semaphore: No, Sleep Time: 10, Looping: Yes.
[LOG] AsyncThread::threadFunc                  : Finished Asynchronous operation on sound 0000024031C8A0C8
[LOG] AsyncThread::threadFunc                  : Starting Asynchronous operation on sound 0000024031C88778
[LOG] SystemI::createSoundInternal             :     Create name='Assets/Audio/AudioMazeFSPRO/Build/Desktop/Master.bank', mode=0x02010082
[LOG] SystemI::createSoundInternal             :     exinfo->cbsize             = 224
[LOG] SystemI::createSoundInternal             :     exinfo->length             = 1948032
[LOG] SystemI::createSoundInternal             :     exinfo->fileoffset         = 24320
[LOG] SystemI::createSoundInternal             :     exinfo->numsubsounds       = 1
[LOG] SystemI::createSoundInternal             :     exinfo->inclusionlist      = 0000023FD22A7740
[LOG] SystemI::createSoundInternal             :     exinfo->inclusionlistnum   = 1
[LOG] SystemI::createSoundInternal             :     exinfo->suggestedsoundtype = 5
[LOG] SystemI::createSoundInternal             :     exinfo->initialseekpostype = 1
[LOG] SystemI::createSoundInternal             :     Stream 0/1: name='Bass', format=5, channels=2, frequency=48000, lengthbytes=210944, lengthpcm=1212631, pcmblocksize=0, loopstart=0, loopend=0, mode=0x00000000, channelmask=0x00000000, channelorder=0, peakvolume=0.322292.
[LOG] AsyncThread::threadFunc                  : Finished Asynchronous operation on sound 0000024031C88778
[LOG] AsyncThread::threadFunc                  : Starting Asynchronous operation on sound 0000024031C8C5E8
[LOG] SystemI::createSoundInternal             :     Create name='Assets/Audio/AudioMazeFSPRO/Build/Desktop/Master.bank', mode=0x02010082
[LOG] SystemI::createSoundInternal             :     exinfo->cbsize             = 224
[LOG] SystemI::createSoundInternal             :     exinfo->length             = 1948032
[LOG] SystemI::createSoundInternal             :     exinfo->fileoffset         = 24320
[LOG] SystemI::createSoundInternal             :     exinfo->numsubsounds       = 1
[LOG] SystemI::createSoundInternal             :     exinfo->inclusionlist      = 0000023FD22A79C0
[LOG] SystemI::createSoundInternal             :     exinfo->inclusionlistnum   = 1
[LOG] SystemI::createSoundInternal             :     exinfo->suggestedsoundtype = 5
[LOG] SystemI::createSoundInternal             :     exinfo->initialseekpostype = 1
[LOG] SystemI::createSoundInternal             :     Stream 0/1: name='KickSnap', format=5, channels=2, frequency=48000, lengthbytes=306304, lengthpcm=1212631, pcmblocksize=0, loopstart=0, loopend=0, mode=0x00000000, channelmask=0x00000000, channelorder=0, peakvolume=0.581455.
[LOG] AsyncThread::threadFunc                  : Finished Asynchronous operation on sound 0000024031C8C5E8
[LOG] AsyncThread::threadFunc                  : Starting Asynchronous operation on sound 0000024031C8CCA8
[LOG] SystemI::createSoundInternal             :     Create name='Assets/Audio/AudioMazeFSPRO/Build/Desktop/Master.bank', mode=0x02010082
[LOG] SystemI::createSoundInternal             :     exinfo->cbsize             = 224
[LOG] SystemI::createSoundInternal             :     exinfo->length             = 1948032
[LOG] SystemI::createSoundInternal             :     exinfo->fileoffset         = 24320
[LOG] SystemI::createSoundInternal             :     exinfo->numsubsounds       = 1
[LOG] SystemI::createSoundInternal             :     exinfo->inclusionlist      = 0000023FD22A7B00
[LOG] SystemI::createSoundInternal             :     exinfo->inclusionlistnum   = 1
[LOG] SystemI::createSoundInternal             :     exinfo->suggestedsoundtype = 5
[LOG] SystemI::createSoundInternal             :     exinfo->initialseekpostype = 1
[LOG] SystemI::createSoundInternal             :     Stream 0/1: name='Piano', format=5, channels=2, frequency=48000, lengthbytes=250688, lengthpcm=1212631, pcmblocksize=0, loopstart=0, loopend=0, mode=0x00000000, channelmask=0x00000000, channelorder=0, peakvolume=0.251474.
[LOG] AsyncThread::threadFunc                  : Finished Asynchronous operation on sound 0000024031C8CCA8
[LOG] AsyncThread::threadFunc                  : Starting Asynchronous operation on sound 0000024031C88928
[LOG] SystemI::createSoundInternal             :     Create name='Assets/Audio/AudioMazeFSPRO/Build/Desktop/Master.bank', mode=0x02010082
[LOG] SystemI::createSoundInternal             :     exinfo->cbsize             = 224
[LOG] SystemI::createSoundInternal             :     exinfo->length             = 1948032
[LOG] SystemI::createSoundInternal             :     exinfo->fileoffset         = 24320
[LOG] SystemI::createSoundInternal             :     exinfo->numsubsounds       = 1
[LOG] SystemI::createSoundInternal             :     exinfo->inclusionlist      = 0000023FD22A7C40
[LOG] SystemI::createSoundInternal             :     exinfo->inclusionlistnum   = 1
[LOG] SystemI::createSoundInternal             :     exinfo->suggestedsoundtype = 5
[LOG] SystemI::createSoundInternal             :     exinfo->initialseekpostype = 1
[LOG] SystemI::createSoundInternal             :     Stream 0/1: name='Percussion', format=5, channels=2, frequency=48000, lengthbytes=357856, lengthpcm=1212631, pcmblocksize=0, loopstart=0, loopend=0, mode=0x00000000, channelmask=0x00000000, channelorder=0, peakvolume=0.217314.
[LOG] AsyncThread::threadFunc                  : Finished Asynchronous operation on sound 0000024031C88928
[LOG] AsyncThread::threadFunc                  : Starting Asynchronous operation on sound 0000024031C8EB08
[LOG] SystemI::createSoundInternal             :     Create name='Assets/Audio/AudioMazeFSPRO/Build/Desktop/Master.bank', mode=0x02010082
[LOG] SystemI::createSoundInternal             :     exinfo->cbsize             = 224
[LOG] SystemI::createSoundInternal             :     exinfo->length             = 1948032
[LOG] SystemI::createSoundInternal             :     exinfo->fileoffset         = 24320
[LOG] SystemI::createSoundInternal             :     exinfo->numsubsounds       = 1
[LOG] SystemI::createSoundInternal             :     exinfo->inclusionlist      = 0000023FD22A7D80
[LOG] SystemI::createSoundInternal             :     exinfo->inclusionlistnum   = 1
[LOG] SystemI::createSoundInternal             :     exinfo->suggestedsoundtype = 5
[LOG] SystemI::createSoundInternal             :     exinfo->initialseekpostype = 1
[LOG] SystemI::createSoundInternal             :     Stream 0/1: name='Strings', format=5, channels=2, frequency=48000, lengthbytes=340704, lengthpcm=1212631, pcmblocksize=0, loopstart=0, loopend=0, mode=0x00000000, channelmask=0x00000000, channelorder=0, peakvolume=0.124668.
[LOG] AsyncThread::threadFunc                  : Finished Asynchronous operation on sound 0000024031C8EB08
[LOG] SoundI::release                          : Strings (0000024031C8EB08)
[LOG] SoundI::release                          :     Strings (00000240334A43C8)
[LOG] SoundI::release                          :     Strings (0000024031C8F1C8)
[LOG] SoundI::release                          : Percussion (0000024031C88928)
[LOG] SoundI::release                          :     Percussion (00000240D595EC38)
[LOG] SoundI::release                          :     Percussion (0000024031C8E0E8)
[LOG] SoundI::release                          : Piano (0000024031C8CCA8)
[LOG] SoundI::release                          :     Piano (00000240D595EA98)
[LOG] SoundI::release                          :     Piano (0000024031C8F018)
[LOG] SoundI::release                          : KickSnap (0000024031C8C5E8)
[LOG] SoundI::release                          :     KickSnap (00000240333B6408)
[LOG] SoundI::release                          :     KickSnap (0000024031C8EE68)
[LOG] SoundI::release                          : Bass (0000024031C88778)
[LOG] SoundI::release                          :     Bass (00000240333B60C8)
[LOG] SoundI::release                          :     Bass (0000024031C8D878)
[LOG] SoundI::release                          : Humms (0000024031C8A0C8)
[LOG] SoundI::release                          :     Humms (00000240333B6DC8)
[LOG] SoundI::release                          :     Humms (0000024031C8FBE8)
